# JRE version: Java(TM) SE Runtime Environment (8.0_60-b27) (build 1.8.0_60-b27)
# Java VM: Java HotSpot(TM) Client VM (25.60-b23 mixed mode linux-x86 )
Heap:
 def new generation   total 23040K, used 0K [0x74600000, 0x75ef0000, 0x89b50000)
  eden space 20544K,   0% used [0x74600000, 0x74600000, 0x75a10000)
  from space 2496K,   0% used [0x75a10000, 0x75a10000, 0x75c80000)
  to   space 2496K,   0% used [0x75c80000, 0x75c80000, 0x75ef0000)
 tenured generation   total 51812K, used 51198K [0x89b50000, 0x8cde9000, 0xb4600000)
   the space 51812K,  98% used [0x89b50000, 0x8cd4f940, 0x8cd4fa00, 0x8cde9000)
 Metaspace       used 3364K, capacity 3454K, committed 3480K, reserved 4400K
GC Heap History (10 events):
Event: 6.787 GC heap after
Heap after GC invocations=31 (full 3):
 def new generation   total 23040K, used 2496K [0x74600000, 0x75ef0000, 0x89b50000)
  eden space 20544K,   0% used [0x74600000, 0x74600000, 0x75a10000)
  from space 2496K, 100% used [0x75c80000, 0x75ef0000, 0x75ef0000)
  to   space 2496K,   0% used [0x75a10000, 0x75a10000, 0x75c80000)
 tenured generation   total 50916K, used 37875K [0x89b50000, 0x8cd09000, 0xb4600000)
   the space 50916K,  74% used [0x89b50000, 0x8c04cec0, 0x8c04d000, 0x8cd09000)
 Metaspace       used 3311K, capacity 3454K, committed 3480K, reserved 4400K
}
Event: 6.980 GC heap before
{Heap before GC invocations=31 (full 3):
 def new generation   total 23040K, used 23040K [0x74600000, 0x75ef0000, 0x89b50000)
  eden space 20544K, 100% used [0x74600000, 0x75a10000, 0x75a10000)
  from space 2496K, 100% used [0x75c80000, 0x75ef0000, 0x75ef0000)
  to   space 2496K,   0% used [0x75a10000, 0x75a10000, 0x75c80000)
 tenured generation   total 50916K, used 37875K [0x89b50000, 0x8cd09000, 0xb4600000)
   the space 50916K,  74% used [0x89b50000, 0x8c04cec0, 0x8c04d000, 0x8cd09000)
 Metaspace       used 3364K, capacity 3454K, committed 3480K, reserved 4400K
Event: 7.053 GC heap after
Heap after GC invocations=32 (full 3):
 def new generation   total 23040K, used 2496K [0x74600000, 0x75ef0000, 0x89b50000)
  eden space 20544K,   0% used [0x74600000, 0x74600000, 0x75a10000)
  from space 2496K, 100% used [0x75a10000, 0x75c80000, 0x75c80000)
  to   space 2496K,   0% used [0x75c80000, 0x75c80000, 0x75ef0000)
 tenured generation   total 50916K, used 41460K [0x89b50000, 0x8cd09000, 0xb4600000)
   the space 50916K,  81% used [0x89b50000, 0x8c3cd230, 0x8c3cd400, 0x8cd09000)
 Metaspace       used 3364K, capacity 3454K, committed 3480K, reserved 4400K
}
Event: 7.284 GC heap before
{Heap before GC invocations=32 (full 3):
 def new generation   total 23040K, used 23040K [0x74600000, 0x75ef0000, 0x89b50000)
  eden space 20544K, 100% used [0x74600000, 0x75a10000, 0x75a10000)
  from space 2496K, 100% used [0x75a10000, 0x75c80000, 0x75c80000)
  to   space 2496K,   0% used [0x75c80000, 0x75c80000, 0x75ef0000)
 tenured generation   total 50916K, used 41460K [0x89b50000, 0x8cd09000, 0xb4600000)
   the space 50916K,  81% used [0x89b50000, 0x8c3cd230, 0x8c3cd400, 0x8cd09000)
 Metaspace       used 3364K, capacity 3454K, committed 3480K, reserved 4400K
Event: 7.329 GC heap after
Heap after GC invocations=33 (full 3):
 def new generation   total 23040K, used 2496K [0x74600000, 0x75ef0000, 0x89b50000)
  eden space 20544K,   0% used [0x74600000, 0x74600000, 0x75a10000)
  from space 2496K, 100% used [0x75c80000, 0x75ef0000, 0x75ef0000)
  to   space 2496K,   0% used [0x75a10000, 0x75a10000, 0x75c80000)
 tenured generation   total 50916K, used 43338K [0x89b50000, 0x8cd09000, 0xb4600000)
   the space 50916K,  85% used [0x89b50000, 0x8c5a29c8, 0x8c5a2a00, 0x8cd09000)
 Metaspace       used 3364K, capacity 3454K, committed 3480K, reserved 4400K
}
Event: 7.524 GC heap before
{Heap before GC invocations=33 (full 3):
 def new generation   total 23040K, used 23040K [0x74600000, 0x75ef0000, 0x89b50000)
  eden space 20544K, 100% used [0x74600000, 0x75a10000, 0x75a10000)
  from space 2496K, 100% used [0x75c80000, 0x75ef0000, 0x75ef0000)
  to   space 2496K,   0% used [0x75a10000, 0x75a10000, 0x75c80000)
 tenured generation   total 50916K, used 43338K [0x89b50000, 0x8cd09000, 0xb4600000)
   the space 50916K,  85% used [0x89b50000, 0x8c5a29c8, 0x8c5a2a00, 0x8cd09000)
 Metaspace       used 3364K, capacity 3454K, committed 3480K, reserved 4400K
Event: 7.556 GC heap after
Heap after GC invocations=34 (full 3):
 def new generation   total 23040K, used 2459K [0x74600000, 0x75ef0000, 0x89b50000)
  eden space 20544K,   0% used [0x74600000, 0x74600000, 0x75a10000)
  from space 2496K,  98% used [0x75a10000, 0x75c76d30, 0x75c80000)
  to   space 2496K,   0% used [0x75c80000, 0x75c80000, 0x75ef0000)
 tenured generation   total 50916K, used 45605K [0x89b50000, 0x8cd09000, 0xb4600000)
   the space 50916K,  89% used [0x89b50000, 0x8c7d9460, 0x8c7d9600, 0x8cd09000)
 Metaspace       used 3364K, capacity 3454K, committed 3480K, reserved 4400K
}
Event: 7.737 GC heap before
{Heap before GC invocations=34 (full 3):
 def new generation   total 23040K, used 23003K [0x74600000, 0x75ef0000, 0x89b50000)
  eden space 20544K, 100% used [0x74600000, 0x75a10000, 0x75a10000)
  from space 2496K,  98% used [0x75a10000, 0x75c76d30, 0x75c80000)
  to   space 2496K,   0% used [0x75c80000, 0x75c80000, 0x75ef0000)
 tenured generation   total 50916K, used 45605K [0x89b50000, 0x8cd09000, 0xb4600000)
   the space 50916K,  89% used [0x89b50000, 0x8c7d9460, 0x8c7d9600, 0x8cd09000)
 Metaspace       used 3364K, capacity 3454K, committed 3480K, reserved 4400K
Event: 7.767 GC heap after
Heap after GC invocations=35 (full 3):
 def new generation   total 23040K, used 2496K [0x74600000, 0x75ef0000, 0x89b50000)
  eden space 20544K,   0% used [0x74600000, 0x74600000, 0x75a10000)
  from space 2496K, 100% used [0x75c80000, 0x75ef0000, 0x75ef0000)
  to   space 2496K,   0% used [0x75a10000, 0x75a10000, 0x75c80000)
 tenured generation   total 50916K, used 48592K [0x89b50000, 0x8cd09000, 0xb4600000)
   the space 50916K,  95% used [0x89b50000, 0x8cac42d8, 0x8cac4400, 0x8cd09000)
 Metaspace       used 3364K, capacity 3454K, committed 3480K, reserved 4400K
}
Event: 7.946 GC heap before
{Heap before GC invocations=35 (full 3):
 def new generation   total 23040K, used 23040K [0x74600000, 0x75ef0000, 0x89b50000)
  eden space 20544K, 100% used [0x74600000, 0x75a10000, 0x75a10000)
  from space 2496K, 100% used [0x75c80000, 0x75ef0000, 0x75ef0000)
  to   space 2496K,   0% used [0x75a10000, 0x75a10000, 0x75c80000)
 tenured generation   total 50916K, used 48592K [0x89b50000, 0x8cd09000, 0xb4600000)
   the space 50916K,  95% used [0x89b50000, 0x8cac42d8, 0x8cac4400, 0x8cd09000)
 Metaspace       used 3364K, capacity 3454K, committed 3480K, reserved 4400K

